<?xml version="1.0" encoding="UTF-8"?>
<testng-results total="1" passed="1" failed="0" skipped="0">
  <reporter-output>
  </reporter-output>
  <suite started-at="2023-03-27T06:18:35Z" name="Default suite" finished-at="2023-03-27T06:18:44Z" duration-ms="8764">
    <groups>
    </groups>
    <test started-at="2023-03-27T06:18:35Z" name="Default test" finished-at="2023-03-27T06:18:44Z" duration-ms="8764">
      <class name="march25.AdvanvedaReport">
        <test-method is-config="true" signature="generateReport()[pri:0, instance:march25.AdvanvedaReport@1c481ff2]" started-at="2023-03-27T11:48:35Z" name="generateReport" finished-at="2023-03-27T11:48:35Z" duration-ms="333" status="PASS">
          <reporter-output>
          </reporter-output>
        </test-method> <!-- generateReport -->
        <test-method is-config="true" signature="setup()[pri:0, instance:march25.AdvanvedaReport@1c481ff2]" started-at="2023-03-27T11:48:35Z" name="setup" finished-at="2023-03-27T11:48:44Z" duration-ms="8147" status="PASS">
          <reporter-output>
          </reporter-output>
        </test-method> <!-- setup -->
        <test-method signature="testcase1()[pri:0, instance:march25.AdvanvedaReport@1c481ff2]" started-at="2023-03-27T11:48:44Z" name="testcase1" finished-at="2023-03-27T11:48:44Z" duration-ms="46" status="PASS">
          <reporter-output>
          </reporter-output>
        </test-method> <!-- testcase1 -->
        <test-method is-config="true" signature="tearDown()[pri:0, instance:march25.AdvanvedaReport@1c481ff2]" started-at="2023-03-27T11:48:44Z" name="tearDown" finished-at="2023-03-27T11:48:44Z" duration-ms="216" status="PASS">
          <reporter-output>
          </reporter-output>
        </test-method> <!-- tearDown -->
      </class> <!-- march25.AdvanvedaReport -->
    </test> <!-- Default test -->
  </suite> <!-- Default suite -->
</testng-results>
